d:\vstest\ntl\ntl\debug\ntl.pch
d:\vstest\ntl\ntl\debug\vc142.pdb
d:\vstest\ntl\ntl\debug\vc142.idb
d:\vstest\ntl\ntl\debug\pch.obj
d:\vstest\ntl\ntl\debug\hnf.obj
d:\vstest\ntl\ntl\debug\g_lll_xd.obj
d:\vstest\ntl\ntl\debug\g_lll_rr.obj
d:\vstest\ntl\ntl\debug\g_lll_qp.obj
d:\vstest\ntl\ntl\debug\g_lll_fp.obj
d:\vstest\ntl\ntl\debug\gf2xvec.obj
d:\vstest\ntl\ntl\debug\gf2xfactoring.obj
d:\vstest\ntl\ntl\debug\gf2x1.obj
d:\vstest\ntl\ntl\debug\gf2x.obj
d:\vstest\ntl\ntl\debug\gf2exfactoring.obj
d:\vstest\ntl\ntl\debug\gf2ex.obj
d:\vstest\ntl\ntl\debug\gf2e.obj
d:\vstest\ntl\ntl\debug\gf2.obj
d:\vstest\ntl\ntl\debug\gettime.obj
d:\vstest\ntl\ntl\debug\getpid.obj
d:\vstest\ntl\ntl\debug\fileio.obj
d:\vstest\ntl\ntl\debug\fft.obj
d:\vstest\ntl\ntl\debug\facvec.obj
d:\vstest\ntl\ntl\debug\ctools.obj
d:\vstest\ntl\ntl\debug\basicthreadpool.obj
d:\vstest\ntl\ntl\debug\mat_poly_lzz_p.obj
d:\vstest\ntl\ntl\debug\mat_lzz_pe.obj
d:\vstest\ntl\ntl\debug\mat_lzz_p.obj
d:\vstest\ntl\ntl\debug\mat_gf2e.obj
d:\vstest\ntl\ntl\debug\mat_gf2.obj
d:\vstest\ntl\ntl\debug\matprime.obj
d:\vstest\ntl\ntl\debug\lzz_pxfactoring.obj
d:\vstest\ntl\ntl\debug\lzz_pxcharpoly.obj
d:\vstest\ntl\ntl\debug\lzz_px1.obj
d:\vstest\ntl\ntl\debug\lzz_px.obj
d:\vstest\ntl\ntl\debug\lzz_pexfactoring.obj
d:\vstest\ntl\ntl\debug\lzz_pex.obj
d:\vstest\ntl\ntl\debug\lzz_pe.obj
d:\vstest\ntl\ntl\debug\lzz_p.obj
d:\vstest\ntl\ntl\debug\lll_xd.obj
d:\vstest\ntl\ntl\debug\lll_rr.obj
d:\vstest\ntl\ntl\debug\lll_qp.obj
d:\vstest\ntl\ntl\debug\lll_fp.obj
d:\vstest\ntl\ntl\debug\lll.obj
d:\vstest\ntl\ntl\debug\lip.obj
d:\vstest\ntl\ntl\debug\vec_zz_pe.obj
d:\vstest\ntl\ntl\debug\vec_zz_p.obj
d:\vstest\ntl\ntl\debug\vec_zz.obj
d:\vstest\ntl\ntl\debug\vec_rr.obj
d:\vstest\ntl\ntl\debug\vec_lzz_pe.obj
d:\vstest\ntl\ntl\debug\vec_lzz_p.obj
d:\vstest\ntl\ntl\debug\vec_gf2e.obj
d:\vstest\ntl\ntl\debug\vec_gf2.obj
d:\vstest\ntl\ntl\debug\tools.obj
d:\vstest\ntl\ntl\debug\thread.obj
d:\vstest\ntl\ntl\debug\rr.obj
d:\vstest\ntl\ntl\debug\quad_float1.obj
d:\vstest\ntl\ntl\debug\quad_float.obj
d:\vstest\ntl\ntl\debug\pd_fft.obj
d:\vstest\ntl\ntl\debug\mat_zz_pe.obj
d:\vstest\ntl\ntl\debug\mat_zz_p.obj
d:\vstest\ntl\ntl\debug\mat_zz.obj
d:\vstest\ntl\ntl\debug\mat_rr.obj
d:\vstest\ntl\ntl\debug\mat_poly_zz_p.obj
d:\vstest\ntl\ntl\debug\mat_poly_zz.obj
d:\vstest\ntl\ntl\debug\ntl.obj
d:\vstest\ntl\ntl\debug\ddh-ip.obj
d:\vstest\ntl\ntl\debug\ceshi.obj
d:\vstest\ntl\ntl\debug\zz_pxfactoring.obj
d:\vstest\ntl\ntl\debug\zz_pxcharpoly.obj
d:\vstest\ntl\ntl\debug\zz_px1.obj
d:\vstest\ntl\ntl\debug\zz_px.obj
d:\vstest\ntl\ntl\debug\zz_pexfactoring.obj
d:\vstest\ntl\ntl\debug\zz_pex.obj
d:\vstest\ntl\ntl\debug\zz_pe.obj
d:\vstest\ntl\ntl\debug\zz_p.obj
d:\vstest\ntl\ntl\debug\zzxfactoring.obj
d:\vstest\ntl\ntl\debug\zzxcharpoly.obj
d:\vstest\ntl\ntl\debug\zzx1.obj
d:\vstest\ntl\ntl\debug\zzx.obj
d:\vstest\ntl\ntl\debug\zzvec.obj
d:\vstest\ntl\ntl\debug\zz.obj
d:\vstest\ntl\ntl\debug\xdouble.obj
d:\vstest\ntl\ntl\debug\wordvector.obj
d:\vstest\ntl\ntl\debug\construction1.obj
d:\vstest\ntl\ntl\debug\ntl.tlog\cl.command.1.tlog
d:\vstest\ntl\ntl\debug\ntl.tlog\cl.read.1.tlog
d:\vstest\ntl\ntl\debug\ntl.tlog\cl.write.1.tlog
